1617829171735	geckodriver	INFO	Listening on 127.0.0.1:50635
1617829172695	mozrunner::runner	INFO	Running command: "/usr/bin/firefox" "--marionette" "-foreground" "-no-remote" "-profile" "/tmp/rust_mozprofileKYjkR9"
console.warn: SearchSettings: "get: No settings file exists, new profile?" (new Error("", "(unknown module)"))
1617829184203	Marionette	INFO	Listening on port 41285
1617829184376	Marionette	WARN	TLS certificate errors will be ignored for this session
IPDL protocol error: Handler returned error code!

###!!! [Parent][DispatchAsyncMessage] Error: PLayerTransaction::Msg_ReleaseLayer Processing error: message was deserialized, but the handler returned false (indicating failure)

IPDL protocol error: Handler returned error code!

###!!! [Parent][DispatchAsyncMessage] Error: PLayerTransaction::Msg_ReleaseLayer Processing error: message was deserialized, but the handler returned false (indicating failure)

IPDL protocol error: Handler returned error code!

###!!! [Parent][DispatchAsyncMessage] Error: PLayerTransaction::Msg_ReleaseLayer Processing error: message was deserialized, but the handler returned false (indicating failure)

IPDL protocol error: Handler returned error code!

###!!! [Parent][DispatchAsyncMessage] Error: PLayerTransaction::Msg_ReleaseLayer Processing error: message was deserialized, but the handler returned false (indicating failure)

IPDL protocol error: Handler returned error code!

###!!! [Parent][DispatchAsyncMessage] Error: PLayerTransaction::Msg_ReleaseLayer Processing error: message was deserialized, but the handler returned false (indicating failure)

IPDL protocol error: Handler returned error code!

###!!! [Parent][DispatchAsyncMessage] Error: PLayerTransaction::Msg_ReleaseLayer Processing error: message was deserialized, but the handler returned false (indicating failure)

1617829214319	Marionette	INFO	Stopped listening on port 41285
1617829220992	geckodriver	INFO	Listening on 127.0.0.1:44629
1617829221001	mozrunner::runner	INFO	Running command: "/usr/bin/firefox" "--marionette" "-foreground" "-no-remote" "-profile" "/tmp/rust_mozprofilekAz7gH"
console.warn: SearchSettings: "get: No settings file exists, new profile?" (new Error("", "(unknown module)"))
JavaScript error: resource:///modules/UrlbarInput.jsm, line 2902: TypeError: event.target.closest is not a function
1617829228029	Marionette	INFO	Listening on port 38129
1617829228155	Marionette	WARN	TLS certificate errors will be ignored for this session
1617829230421	Marionette	INFO	Stopped listening on port 38129
JavaScript error: resource://gre/modules/UrlClassifierListManager.jsm, line 691: TypeError: this.tablesData[table] is undefined
console.log: "RemoteSettingsWorker error: Error: Can't import when we've started shutting down."
console.log: "RemoteSettingsWorker error: Error: Can't import when we've started shutting down."
console.log: "RemoteSettingsWorker error: Error: Can't import when we've started shutting down."
console.log: "RemoteSettingsWorker error: Error: Can't import when we've started shutting down."
console.log: "RemoteSettingsWorker error: Error: Can't import when we've started shutting down."
console.error: "Could not load engine google@search.mozilla.org: [Exception... \"AddonManager is not initialized\"  nsresult: \"0xc1f30001 (NS_ERROR_NOT_INITIALIZED)\"  location: \"JS frame :: resource://gre/modules/AddonManager.jsm :: installBuiltinAddon :: line 2550\"  data: no]"
console.error: "Could not load engine amazondotcom@search.mozilla.org: [Exception... \"AddonManager is not initialized\"  nsresult: \"0xc1f30001 (NS_ERROR_NOT_INITIALIZED)\"  location: \"JS frame :: resource://gre/modules/AddonManager.jsm :: installBuiltinAddon :: line 2550\"  data: no]"
console.error: "Could not load engine wikipedia@search.mozilla.org: [Exception... \"AddonManager is not initialized\"  nsresult: \"0xc1f30001 (NS_ERROR_NOT_INITIALIZED)\"  location: \"JS frame :: resource://gre/modules/AddonManager.jsm :: installBuiltinAddon :: line 2550\"  data: no]"
console.error: "Could not load engine bing@search.mozilla.org: [Exception... \"AddonManager is not initialized\"  nsresult: \"0xc1f30001 (NS_ERROR_NOT_INITIALIZED)\"  location: \"JS frame :: resource://gre/modules/AddonManager.jsm :: installBuiltinAddon :: line 2550\"  data: no]"
console.error: "Could not load engine ddg@search.mozilla.org: [Exception... \"AddonManager is not initialized\"  nsresult: \"0xc1f30001 (NS_ERROR_NOT_INITIALIZED)\"  location: \"JS frame :: resource://gre/modules/AddonManager.jsm :: installBuiltinAddon :: line 2550\"  data: no]"
console.warn: SearchService: "_init: abandoning init due to shutting down"
JavaScript error: resource://gre/modules/AsyncShutdown.jsm, line 575: uncaught exception: 2147500036
JavaScript error: resource://gre/modules/AsyncShutdown.jsm, line 575: uncaught exception: 2147500036
JavaScript error: resource://gre/modules/AsyncShutdown.jsm, line 575: uncaught exception: 2147500036
JavaScript error: resource://gre/modules/AsyncShutdown.jsm, line 575: uncaught exception: 2147500036
JavaScript error: resource://gre/modules/AsyncShutdown.jsm, line 575: uncaught exception: 2147500036
JavaScript error: resource://gre/modules/AsyncShutdown.jsm, line 575: uncaught exception: 2147500036
JavaScript error: resource://gre/modules/AsyncShutdown.jsm, line 575: uncaught exception: 2147500036
JavaScript error: resource://gre/modules/AsyncShutdown.jsm, line 575: uncaught exception: 2147500036
JavaScript error: resource://gre/modules/AsyncShutdown.jsm, line 575: uncaught exception: 2147500036
JavaScript error: resource:///modules/EveryWindow.jsm, line 37: NS_ERROR_UNEXPECTED: Component returned failure code: 0x8000ffff (NS_ERROR_UNEXPECTED) [nsIWindowMediator.getEnumerator]
JavaScript error: resource://gre/modules/CrashManager.jsm, line 833: NotAllowedError: Shutting down and refusing additional I/O tasks
ExceptionHandler::GenerateDump cloned child 6281
ExceptionHandler::SendContinueSignalToChild sent continue signal to child
ExceptionHandler::WaitForContinueSignal waiting for continue signal...
1617829398363	geckodriver	INFO	Listening on 127.0.0.1:51355
1617829398374	mozrunner::runner	INFO	Running command: "/usr/bin/firefox" "--marionette" "-foreground" "-no-remote" "-profile" "/tmp/rust_mozprofilehHaT3O"
console.warn: SearchSettings: "get: No settings file exists, new profile?" (new Error("", "(unknown module)"))
1617829404942	Marionette	INFO	Listening on port 35041
1617829405069	Marionette	WARN	TLS certificate errors will be ignored for this session
1617829411636	Marionette	INFO	Stopped listening on port 35041
1617830040460	geckodriver	INFO	Listening on 127.0.0.1:52053
1617830040468	mozrunner::runner	INFO	Running command: "/usr/bin/firefox" "--marionette" "-foreground" "-no-remote" "-profile" "/tmp/rust_mozprofileM2p08S"
console.warn: SearchSettings: "get: No settings file exists, new profile?" (new Error("", "(unknown module)"))
1617830047185	Marionette	INFO	Listening on port 35981
1617830047320	Marionette	WARN	TLS certificate errors will be ignored for this session
1617830053443	Marionette	INFO	Stopped listening on port 35981
1617830075991	geckodriver	INFO	Listening on 127.0.0.1:44911
1617830076001	mozrunner::runner	INFO	Running command: "/usr/bin/firefox" "--marionette" "-foreground" "-no-remote" "-profile" "/tmp/rust_mozprofile70FiFg"
console.warn: SearchSettings: "get: No settings file exists, new profile?" (new Error("", "(unknown module)"))
1617830082512	Marionette	INFO	Listening on port 36453
1617830082546	Marionette	WARN	TLS certificate errors will be ignored for this session
1617830088848	Marionette	INFO	Stopped listening on port 36453
1617830563723	geckodriver	INFO	Listening on 127.0.0.1:47305
1617830563733	mozrunner::runner	INFO	Running command: "/usr/bin/firefox" "--marionette" "--headless" "-foreground" "-no-remote" "-profile" "/tmp/rust_mozprofileKA6jTN"
*** You are running in headless mode.

(/usr/lib/firefox/firefox:7443): GLib-GObject-CRITICAL **: g_object_set: assertion 'G_IS_OBJECT (object)' failed

(/usr/lib/firefox/firefox:7462): GLib-GObject-CRITICAL **: g_object_set: assertion 'G_IS_OBJECT (object)' failed
console.warn: SearchSettings: "get: No settings file exists, new profile?" (new Error("", "(unknown module)"))

(/usr/lib/firefox/firefox:7521): GLib-GObject-CRITICAL **: g_object_set: assertion 'G_IS_OBJECT (object)' failed
1617830569777	Marionette	INFO	Listening on port 45715
1617830569881	Marionette	WARN	TLS certificate errors will be ignored for this session
1617830575862	Marionette	INFO	Stopped listening on port 45715

###!!! [Parent][RunMessage] Error: Channel closing: too late to send/recv, messages will be lost

1617830584668	geckodriver	INFO	Listening on 127.0.0.1:36565
1617830584678	mozrunner::runner	INFO	Running command: "/usr/bin/firefox" "--marionette" "--headless" "-foreground" "-no-remote" "-profile" "/tmp/rust_mozprofileLaduy9"
*** You are running in headless mode.

(/usr/lib/firefox/firefox:7632): GLib-GObject-CRITICAL **: g_object_set: assertion 'G_IS_OBJECT (object)' failed

(/usr/lib/firefox/firefox:7649): GLib-GObject-CRITICAL **: g_object_set: assertion 'G_IS_OBJECT (object)' failed
console.warn: SearchSettings: "get: No settings file exists, new profile?" (new Error("", "(unknown module)"))

(/usr/lib/firefox/firefox:7717): GLib-GObject-CRITICAL **: g_object_set: assertion 'G_IS_OBJECT (object)' failed
1617830590537	Marionette	INFO	Listening on port 44339
1617830590648	Marionette	WARN	TLS certificate errors will be ignored for this session
1617830601518	geckodriver	INFO	Listening on 127.0.0.1:47961
1617830601527	mozrunner::runner	INFO	Running command: "/usr/bin/firefox" "--marionette" "--headless" "-foreground" "-no-remote" "-profile" "/tmp/rust_mozprofile9xLylg"
*** You are running in headless mode.

(/usr/lib/firefox/firefox:7829): GLib-GObject-CRITICAL **: g_object_set: assertion 'G_IS_OBJECT (object)' failed

(/usr/lib/firefox/firefox:7847): GLib-GObject-CRITICAL **: g_object_set: assertion 'G_IS_OBJECT (object)' failed
console.warn: SearchSettings: "get: No settings file exists, new profile?" (new Error("", "(unknown module)"))

(/usr/lib/firefox/firefox:7907): GLib-GObject-CRITICAL **: g_object_set: assertion 'G_IS_OBJECT (object)' failed
1617830607629	Marionette	INFO	Listening on port 42265
1617830607676	Marionette	WARN	TLS certificate errors will be ignored for this session
1617830613674	Marionette	INFO	Stopped listening on port 42265
1617830859032	geckodriver	INFO	Listening on 127.0.0.1:45623
1617830859040	mozrunner::runner	INFO	Running command: "/usr/bin/firefox" "--marionette" "--headless" "-foreground" "-no-remote" "-profile" "/tmp/rust_mozprofileiimYYx"
*** You are running in headless mode.
1617830862411	geckodriver	INFO	Listening on 127.0.0.1:33111
1617830862428	mozrunner::runner	INFO	Running command: "/usr/bin/firefox" "--marionette" "-foreground" "-no-remote" "-profile" "/tmp/rust_mozprofileaESw2V"

(/usr/lib/firefox/firefox:8261): GLib-GObject-CRITICAL **: g_object_set: assertion 'G_IS_OBJECT (object)' failed

(/usr/lib/firefox/firefox:8278): GLib-GObject-CRITICAL **: g_object_set: assertion 'G_IS_OBJECT (object)' failed
console.warn: SearchSettings: "get: No settings file exists, new profile?" (new Error("", "(unknown module)"))

(/usr/lib/firefox/firefox:8333): GLib-GObject-CRITICAL **: g_object_set: assertion 'G_IS_OBJECT (object)' failed
1617830868141	Marionette	INFO	Listening on port 45425
1617830868309	Marionette	WARN	TLS certificate errors will be ignored for this session
JavaScript error: resource://activity-stream/lib/ActivityStreamPrefs.jsm, line 27: NS_ERROR_ILLEGAL_VALUE: Component returned failure code: 0x80070057 (NS_ERROR_ILLEGAL_VALUE) [nsIPrefBranch.removeObserver]
console.warn: SearchSettings: "get: No settings file exists, new profile?" (new Error("", "(unknown module)"))
console.warn: services.settings: main/fxmonitor-breaches sync interrupted by shutdown
console.error: Region.jsm: "Error fetching region" (new TypeError("NetworkError when attempting to fetch resource.", ""))
console.error: Region.jsm: "Failed to fetch region" (new Error("NO_RESULT", "resource://gre/modules/Region.jsm", 419))
1617830875001	Marionette	INFO	Stopped listening on port 45425
*** UTM:SVC TimerManager:registerTimer called after profile-before-change notification. Ignoring timer registration for id: region-update-timer
JavaScript error: resource://gre/modules/UrlClassifierListManager.jsm, line 691: TypeError: this.tablesData[table] is undefined
console.log: "RemoteSettingsWorker error: Error: Can't import when we've started shutting down."
console.log: "RemoteSettingsWorker error: Error: Can't import when we've started shutting down."
console.log: "RemoteSettingsWorker error: Error: Can't import when we've started shutting down."
console.error: "Could not load engine google@search.mozilla.org: [Exception... \"AddonManager is not initialized\"  nsresult: \"0xc1f30001 (NS_ERROR_NOT_INITIALIZED)\"  location: \"JS frame :: resource://gre/modules/AddonManager.jsm :: installBuiltinAddon :: line 2550\"  data: no]"
console.error: "Could not load engine amazondotcom@search.mozilla.org: [Exception... \"AddonManager is not initialized\"  nsresult: \"0xc1f30001 (NS_ERROR_NOT_INITIALIZED)\"  location: \"JS frame :: resource://gre/modules/AddonManager.jsm :: installBuiltinAddon :: line 2550\"  data: no]"
console.error: "Could not load engine wikipedia@search.mozilla.org: [Exception... \"AddonManager is not initialized\"  nsresult: \"0xc1f30001 (NS_ERROR_NOT_INITIALIZED)\"  location: \"JS frame :: resource://gre/modules/AddonManager.jsm :: installBuiltinAddon :: line 2550\"  data: no]"
console.error: "Could not load engine bing@search.mozilla.org: [Exception... \"AddonManager is not initialized\"  nsresult: \"0xc1f30001 (NS_ERROR_NOT_INITIALIZED)\"  location: \"JS frame :: resource://gre/modules/AddonManager.jsm :: installBuiltinAddon :: line 2550\"  data: no]"
console.error: "Could not load engine ddg@search.mozilla.org: [Exception... \"AddonManager is not initialized\"  nsresult: \"0xc1f30001 (NS_ERROR_NOT_INITIALIZED)\"  location: \"JS frame :: resource://gre/modules/AddonManager.jsm :: installBuiltinAddon :: line 2550\"  data: no]"
console.warn: SearchService: "_init: abandoning init due to shutting down"
JavaScript error: , line 0: uncaught exception: 2147500036
JavaScript error: , line 0: uncaught exception: 2147500036
JavaScript error: , line 0: uncaught exception: 2147500036
JavaScript error: , line 0: uncaught exception: 2147500036
JavaScript error: resource://activity-stream/lib/PlacesFeed.jsm, line 169: NS_ERROR_UNEXPECTED: Component returned failure code: 0x8000ffff (NS_ERROR_UNEXPECTED) [nsINavBookmarksService.addObserver]
JavaScript error: resource://gre/modules/ExtensionSettingsStore.jsm, line 122: Error: The ExtensionSettingsStore was accessed before the initialize promise resolved.
JavaScript error: , line 0: AbortError: A request was aborted, for example through a call to IDBTransaction.abort.
JavaScript error: , line 0: uncaught exception: 2147500036
JavaScript error: , line 0: uncaught exception: 2147500036
JavaScript error: resource://gre/modules/AsyncShutdown.jsm, line 575: uncaught exception: Object
console.log: WebExtensions: reset-default-search: No addons in our list are installed.
1617831359417	geckodriver	INFO	Listening on 127.0.0.1:34587
1617831359426	mozrunner::runner	INFO	Running command: "/usr/bin/firefox" "--marionette" "-foreground" "-no-remote" "-profile" "/tmp/rust_mozprofileD9zbk3"
console.warn: SearchSettings: "get: No settings file exists, new profile?" (new Error("", "(unknown module)"))
1617831366245	Marionette	INFO	Listening on port 36355
1617831366381	Marionette	WARN	TLS certificate errors will be ignored for this session
console.error: Region.jsm: "Error fetching region" (new Error("TIMEOUT", "resource://gre/modules/Region.jsm", 772))
console.error: Region.jsm: "Failed to fetch region" (new Error("TIMEOUT", "resource://gre/modules/Region.jsm", 419))
1617831372496	Marionette	INFO	Stopped listening on port 36355
1617858846984	Marionette	INFO	Stopped listening on port 44339
1619550637656	geckodriver	INFO	Listening on 127.0.0.1:43241
1619550638668	mozrunner::runner	INFO	Running command: "/usr/bin/firefox" "--marionette" "-foreground" "-no-remote" "-profile" "/tmp/rust_mozprofileKrO0os"
1619550642200	Marionette	INFO	Marionette enabled
console.warn: SearchSettings: "get: No settings file exists, new profile?" (new Error("", "(unknown module)"))
1619550648233	Marionette	INFO	Listening on port 33291
1619550648601	Marionette	WARN	TLS certificate errors will be ignored for this session
1619550650870	Marionette	INFO	Stopped listening on port 33291
JavaScript error: resource://gre/modules/UrlClassifierListManager.jsm, line 691: TypeError: this.tablesData[table] is undefined
1619551346558	geckodriver	INFO	Listening on 127.0.0.1:38529
1619551346563	mozrunner::runner	INFO	Running command: "/usr/bin/firefox" "--marionette" "-foreground" "-no-remote" "-profile" "/tmp/rust_mozprofileQolbxS"
1619551348610	Marionette	INFO	Marionette enabled
console.warn: SearchSettings: "get: No settings file exists, new profile?" (new Error("", "(unknown module)"))
1619551352615	Marionette	INFO	Listening on port 38645
1619551352702	Marionette	WARN	TLS certificate errors will be ignored for this session
1619551360068	Marionette	INFO	Stopped listening on port 38645
